Traceback (most recent call last):
  File "/opt/hostedtoolcache/Python/3.9.9/x64/lib/python3.9/site-packages/jupyter_cache/executors/utils.py", line 51, in single_nb_execution
    executenb(
  File "/opt/hostedtoolcache/Python/3.9.9/x64/lib/python3.9/site-packages/nbclient/client.py", line 1093, in execute
    return NotebookClient(nb=nb, resources=resources, km=km, **kwargs).execute()
  File "/opt/hostedtoolcache/Python/3.9.9/x64/lib/python3.9/site-packages/nbclient/util.py", line 84, in wrapped
    return just_run(coro(*args, **kwargs))
  File "/opt/hostedtoolcache/Python/3.9.9/x64/lib/python3.9/site-packages/nbclient/util.py", line 62, in just_run
    return loop.run_until_complete(coro)
  File "/opt/hostedtoolcache/Python/3.9.9/x64/lib/python3.9/asyncio/base_events.py", line 642, in run_until_complete
    return future.result()
  File "/opt/hostedtoolcache/Python/3.9.9/x64/lib/python3.9/site-packages/nbclient/client.py", line 559, in async_execute
    await self.async_execute_cell(
  File "/opt/hostedtoolcache/Python/3.9.9/x64/lib/python3.9/site-packages/nbclient/client.py", line 854, in async_execute_cell
    self._check_raise_for_error(cell, exec_reply)
  File "/opt/hostedtoolcache/Python/3.9.9/x64/lib/python3.9/site-packages/nbclient/client.py", line 756, in _check_raise_for_error
    raise CellExecutionError.from_cell_and_msg(cell, exec_reply_content)
nbclient.exceptions.CellExecutionError: An error occurred while executing the following cell:
------------------
X,Y = np.meshgrid(np.linspace(-1,1,10),np.linspace(0,3,10))
# Define your Z1,Z2,Z3 based upon your chosen equations
Z1 = 1 - 5*X - 2*Y
Z2 = 2 - 10*X - 4*Y
Z3 = 3 - 4*X - 6*Y
fig = plt.figure(figsize=(7,6))
ax = fig.add_subplot(111, projection='3d')

ax.plot_wireframe(X,Y,Z1,color='g',alpha=0.5)
ax.plot_wireframe(X,Y,Z2,color='b',alpha=0.5)
ax.plot_wireframe(X,Y,Z3,color='r',alpha=0.5)
x=np.linalg.solve(np.array([[5,2, 1],[10,4, 2],[ 4, 6, 1]]),np.array([1,2,3]));
ax.scatter(x[0],x[1],x[2],s=600,c='k',marker='x')
ax.set_xlabel(' x1')
ax.set_ylabel('x2')
ax.set_zlabel('   x3');
plt.tight_layout()
------------------

[0;31m---------------------------------------------------------------------------[0m
[0;31mLinAlgError[0m                               Traceback (most recent call last)
[0;32m/tmp/ipykernel_2079/619332393.py[0m in [0;36m<module>[0;34m[0m
[1;32m     10[0m [0max[0m[0;34m.[0m[0mplot_wireframe[0m[0;34m([0m[0mX[0m[0;34m,[0m[0mY[0m[0;34m,[0m[0mZ2[0m[0;34m,[0m[0mcolor[0m[0;34m=[0m[0;34m'b'[0m[0;34m,[0m[0malpha[0m[0;34m=[0m[0;36m0.5[0m[0;34m)[0m[0;34m[0m[0;34m[0m[0m
[1;32m     11[0m [0max[0m[0;34m.[0m[0mplot_wireframe[0m[0;34m([0m[0mX[0m[0;34m,[0m[0mY[0m[0;34m,[0m[0mZ3[0m[0;34m,[0m[0mcolor[0m[0;34m=[0m[0;34m'r'[0m[0;34m,[0m[0malpha[0m[0;34m=[0m[0;36m0.5[0m[0;34m)[0m[0;34m[0m[0;34m[0m[0m
[0;32m---> 12[0;31m [0mx[0m[0;34m=[0m[0mnp[0m[0;34m.[0m[0mlinalg[0m[0;34m.[0m[0msolve[0m[0;34m([0m[0mnp[0m[0;34m.[0m[0marray[0m[0;34m([0m[0;34m[[0m[0;34m[[0m[0;36m5[0m[0;34m,[0m[0;36m2[0m[0;34m,[0m [0;36m1[0m[0;34m][0m[0;34m,[0m[0;34m[[0m[0;36m10[0m[0;34m,[0m[0;36m4[0m[0;34m,[0m [0;36m2[0m[0;34m][0m[0;34m,[0m[0;34m[[0m [0;36m4[0m[0;34m,[0m [0;36m6[0m[0;34m,[0m [0;36m1[0m[0;34m][0m[0;34m][0m[0;34m)[0m[0;34m,[0m[0mnp[0m[0;34m.[0m[0marray[0m[0;34m([0m[0;34m[[0m[0;36m1[0m[0;34m,[0m[0;36m2[0m[0;34m,[0m[0;36m3[0m[0;34m][0m[0;34m)[0m[0;34m)[0m[0;34m;[0m[0;34m[0m[0;34m[0m[0m
[0m[1;32m     13[0m [0max[0m[0;34m.[0m[0mscatter[0m[0;34m([0m[0mx[0m[0;34m[[0m[0;36m0[0m[0;34m][0m[0;34m,[0m[0mx[0m[0;34m[[0m[0;36m1[0m[0;34m][0m[0;34m,[0m[0mx[0m[0;34m[[0m[0;36m2[0m[0;34m][0m[0;34m,[0m[0ms[0m[0;34m=[0m[0;36m600[0m[0;34m,[0m[0mc[0m[0;34m=[0m[0;34m'k'[0m[0;34m,[0m[0mmarker[0m[0;34m=[0m[0;34m'x'[0m[0;34m)[0m[0;34m[0m[0;34m[0m[0m
[1;32m     14[0m [0max[0m[0;34m.[0m[0mset_xlabel[0m[0;34m([0m[0;34m' x1'[0m[0;34m)[0m[0;34m[0m[0;34m[0m[0m

[0;32m<__array_function__ internals>[0m in [0;36msolve[0;34m(*args, **kwargs)[0m

[0;32m/opt/hostedtoolcache/Python/3.9.9/x64/lib/python3.9/site-packages/numpy/linalg/linalg.py[0m in [0;36msolve[0;34m(a, b)[0m
[1;32m    391[0m     [0msignature[0m [0;34m=[0m [0;34m'DD->D'[0m [0;32mif[0m [0misComplexType[0m[0;34m([0m[0mt[0m[0;34m)[0m [0;32melse[0m [0;34m'dd->d'[0m[0;34m[0m[0;34m[0m[0m
[1;32m    392[0m     [0mextobj[0m [0;34m=[0m [0mget_linalg_error_extobj[0m[0;34m([0m[0m_raise_linalgerror_singular[0m[0;34m)[0m[0;34m[0m[0;34m[0m[0m
[0;32m--> 393[0;31m     [0mr[0m [0;34m=[0m [0mgufunc[0m[0;34m([0m[0ma[0m[0;34m,[0m [0mb[0m[0;34m,[0m [0msignature[0m[0;34m=[0m[0msignature[0m[0;34m,[0m [0mextobj[0m[0;34m=[0m[0mextobj[0m[0;34m)[0m[0;34m[0m[0;34m[0m[0m
[0m[1;32m    394[0m [0;34m[0m[0m
[1;32m    395[0m     [0;32mreturn[0m [0mwrap[0m[0;34m([0m[0mr[0m[0;34m.[0m[0mastype[0m[0;34m([0m[0mresult_t[0m[0;34m,[0m [0mcopy[0m[0;34m=[0m[0;32mFalse[0m[0;34m)[0m[0;34m)[0m[0;34m[0m[0;34m[0m[0m

[0;32m/opt/hostedtoolcache/Python/3.9.9/x64/lib/python3.9/site-packages/numpy/linalg/linalg.py[0m in [0;36m_raise_linalgerror_singular[0;34m(err, flag)[0m
[1;32m     86[0m [0;34m[0m[0m
[1;32m     87[0m [0;32mdef[0m [0m_raise_linalgerror_singular[0m[0;34m([0m[0merr[0m[0;34m,[0m [0mflag[0m[0;34m)[0m[0;34m:[0m[0;34m[0m[0;34m[0m[0m
[0;32m---> 88[0;31m     [0;32mraise[0m [0mLinAlgError[0m[0;34m([0m[0;34m"Singular matrix"[0m[0;34m)[0m[0;34m[0m[0;34m[0m[0m
[0m[1;32m     89[0m [0;34m[0m[0m
[1;32m     90[0m [0;32mdef[0m [0m_raise_linalgerror_nonposdef[0m[0;34m([0m[0merr[0m[0;34m,[0m [0mflag[0m[0;34m)[0m[0;34m:[0m[0;34m[0m[0;34m[0m[0m

[0;31mLinAlgError[0m: Singular matrix
LinAlgError: Singular matrix

